\BOOKMARK [1][-]{section.1}{Introduction}{}% 1
\BOOKMARK [2][-]{subsection.1.1}{Difficulties of Beat Tracking}{section.1}% 2
\BOOKMARK [2][-]{subsection.1.2}{Applications of Beat Tracking}{section.1}% 3
\BOOKMARK [1][-]{section.2}{History of Beat Tracking}{}% 4
\BOOKMARK [1][-]{section.3}{Basic Principles of Human Rhythm Perception}{}% 5
\BOOKMARK [1][-]{section.4}{Foundations of Machine Learning}{}% 6
\BOOKMARK [2][-]{subsection.4.1}{Sequence Modeling}{section.4}% 7
\BOOKMARK [2][-]{subsection.4.2}{Data Representation}{section.4}% 8
\BOOKMARK [2][-]{subsection.4.3}{Architectures}{section.4}% 9
\BOOKMARK [3][-]{subsubsection.4.3.1}{Recurrent Neural Networks}{subsection.4.3}% 10
\BOOKMARK [3][-]{subsubsection.4.3.2}{Convolutional Neural Networks}{subsection.4.3}% 11
\BOOKMARK [3][-]{subsubsection.4.3.3}{Temporal Convolutional Netwoks}{subsection.4.3}% 12
\BOOKMARK [3][-]{subsubsection.4.3.4}{Trellis Networks}{subsection.4.3}% 13
\BOOKMARK [2][-]{subsection.4.4}{Performance Measure}{section.4}% 14
\BOOKMARK [2][-]{subsection.4.5}{Regularization Techniques}{section.4}% 15
\BOOKMARK [2][-]{subsection.4.6}{Optimization}{section.4}% 16
\BOOKMARK [2][-]{subsection.4.7}{Hyperparameter Optimization}{section.4}% 17
\BOOKMARK [2][-]{subsection.4.8}{Multi Task Learning}{section.4}% 18
\BOOKMARK [2][-]{subsection.4.9}{Valididation}{section.4}% 19
\BOOKMARK [1][-]{section.5}{Beat Tracking System}{}% 20
\BOOKMARK [2][-]{subsection.5.1}{Dataset}{section.5}% 21
\BOOKMARK [2][-]{subsection.5.2}{Data Preprocessing}{section.5}% 22
\BOOKMARK [3][-]{subsubsection.5.2.1}{Chroma Representation}{subsection.5.2}% 23
\BOOKMARK [2][-]{subsection.5.3}{Feature Learning}{section.5}% 24
\BOOKMARK [2][-]{subsection.5.4}{Temporal Decoding}{section.5}% 25
\BOOKMARK [3][-]{subsubsection.5.4.1}{Transition Model}{subsection.5.4}% 26
\BOOKMARK [3][-]{subsubsection.5.4.2}{Observation model}{subsection.5.4}% 27
\BOOKMARK [1][-]{section.6}{Evaluation}{}% 28
\BOOKMARK [2][-]{subsection.6.1}{Performance measures}{section.6}% 29
\BOOKMARK [2][-]{subsection.6.2}{Saliency maps}{section.6}% 30
\BOOKMARK [2][-]{subsection.6.3}{Network training}{section.6}% 31
\BOOKMARK [2][-]{subsection.6.4}{Labeling}{section.6}% 32
\BOOKMARK [1][-]{section.7}{Conclusion}{}% 33
\BOOKMARK [1][-]{section.8}{Appendix}{}% 34
\BOOKMARK [2][-]{subsection.8.1}{Hyperparameter}{section.8}% 35
